<?xml version="1.0" encoding="UTF-8"?>
<!-- Generated by org.testng.reporters.JUnitXMLReporter -->
<testsuite ignored="4" hostname="5050d-201445-l.mobility.unimelb.net.au" failures="0" tests="1" name="Default test" time="2.802" errors="0" timestamp="23 Feb. 2021 07:00:46 GMT">
  <testcase classname="au.unimelb.fht.test.SimpleTestFHT" name="getalertsbysearchcriteria" time="0.14"/>
  <testcase classname="au.unimelb.fht.test.SimpleTestFHT" name="testgetalerttypesbynamementalhealth" time="0.0">
    <ignored/>
  </testcase> <!-- testgetalerttypesbynamementalhealth -->
  <testcase classname="au.unimelb.fht.test.SimpleTestFHT" name="testgetdistinctalerttypesbynamevitalsigns" time="0.0">
    <ignored/>
  </testcase> <!-- testgetdistinctalerttypesbynamevitalsigns -->
  <testcase classname="au.unimelb.fht.test.SimpleTestFHT" name="testgetalerttypesbynamevitalsigns" time="0.0">
    <ignored/>
  </testcase> <!-- testgetalerttypesbynamevitalsigns -->
  <testcase classname="au.unimelb.fht.test.SimpleTestFHT" name="testfetchnewalerts" time="0.0">
    <ignored/>
  </testcase> <!-- testfetchnewalerts -->
</testsuite> <!-- Default test -->
