<?xml version="1.0" encoding="UTF-8"?>
<testng-results ignored="7" total="8" passed="1" failed="0" skipped="0">
  <reporter-output>
  </reporter-output>
  <suite started-at="2021-03-01T02:31:02Z" name="Default suite" finished-at="2021-03-01T02:31:04Z" duration-ms="2046">
    <groups>
    </groups>
    <test started-at="2021-03-01T02:31:02Z" name="Default test" finished-at="2021-03-01T02:31:04Z" duration-ms="2046">
      <class name="au.unimelb.covidcare.test.SimpleTestCovidCareWebTest">
        <test-method is-config="true" signature="springTestContextBeforeTestClass()[pri:0, instance:au.unimelb.covidcare.test.SimpleTestCovidCareWebTest@ec0c838]" started-at="2021-03-01T13:31:02Z" name="springTestContextBeforeTestClass" finished-at="2021-03-01T13:31:02Z" duration-ms="6" status="PASS">
          <reporter-output>
          </reporter-output>
        </test-method> <!-- springTestContextBeforeTestClass -->
        <test-method is-config="true" signature="springTestContextPrepareTestInstance()[pri:0, instance:au.unimelb.covidcare.test.SimpleTestCovidCareWebTest@ec0c838]" started-at="2021-03-01T13:31:02Z" name="springTestContextPrepareTestInstance" finished-at="2021-03-01T13:31:03Z" depends-on-methods="org.springframework.test.context.testng.AbstractTestNGSpringContextTests.springTestContextBeforeTestClass" duration-ms="1018" status="PASS">
          <reporter-output>
          </reporter-output>
        </test-method> <!-- springTestContextPrepareTestInstance -->
        <test-method is-config="true" signature="setup()[pri:0, instance:au.unimelb.covidcare.test.SimpleTestCovidCareWebTest@ec0c838]" started-at="2021-03-01T13:31:03Z" name="setup" finished-at="2021-03-01T13:31:03Z" duration-ms="8" status="PASS">
          <reporter-output>
          </reporter-output>
        </test-method> <!-- setup -->
        <test-method is-config="true" signature="springTestContextBeforeTestMethod(java.lang.reflect.Method)[pri:0, instance:au.unimelb.covidcare.test.SimpleTestCovidCareWebTest@ec0c838]" started-at="2021-03-01T13:31:03Z" name="springTestContextBeforeTestMethod" finished-at="2021-03-01T13:31:03Z" duration-ms="1" status="PASS">
          <params>
            <param index="0">
              <value>
                <![CDATA[public void au.unimelb.covidcare.test.SimpleTestCovidCareWebTest.testgetAllCovidCardIDS() throws java.lang.Exception]]>
              </value>
            </param>
          </params>
          <reporter-output>
          </reporter-output>
        </test-method> <!-- springTestContextBeforeTestMethod -->
        <test-method is-config="true" signature="setUp()[pri:0, instance:au.unimelb.covidcare.test.SimpleTestCovidCareWebTest@ec0c838]" started-at="2021-03-01T13:31:03Z" name="setUp" finished-at="2021-03-01T13:31:03Z" duration-ms="0" status="PASS">
          <reporter-output>
          </reporter-output>
        </test-method> <!-- setUp -->
        <test-method signature="testgetAllCovidCardIDS()[pri:0, instance:au.unimelb.covidcare.test.SimpleTestCovidCareWebTest@ec0c838]" started-at="2021-03-01T13:31:03Z" name="testgetAllCovidCardIDS" finished-at="2021-03-01T13:31:04Z" duration-ms="1003" status="PASS">
          <reporter-output>
          </reporter-output>
        </test-method> <!-- testgetAllCovidCardIDS -->
        <test-method is-config="true" signature="tearDown()[pri:0, instance:au.unimelb.covidcare.test.SimpleTestCovidCareWebTest@ec0c838]" started-at="2021-03-01T13:31:04Z" name="tearDown" finished-at="2021-03-01T13:31:04Z" duration-ms="0" status="PASS">
          <reporter-output>
          </reporter-output>
        </test-method> <!-- tearDown -->
        <test-method is-config="true" signature="springTestContextAfterTestMethod(java.lang.reflect.Method)[pri:0, instance:au.unimelb.covidcare.test.SimpleTestCovidCareWebTest@ec0c838]" started-at="2021-03-01T13:31:04Z" name="springTestContextAfterTestMethod" finished-at="2021-03-01T13:31:04Z" duration-ms="1" status="PASS">
          <params>
            <param index="0">
              <value>
                <![CDATA[public void au.unimelb.covidcare.test.SimpleTestCovidCareWebTest.testgetAllCovidCardIDS() throws java.lang.Exception]]>
              </value>
            </param>
          </params>
          <reporter-output>
          </reporter-output>
        </test-method> <!-- springTestContextAfterTestMethod -->
        <test-method is-config="true" signature="springTestContextAfterTestClass()[pri:0, instance:au.unimelb.covidcare.test.SimpleTestCovidCareWebTest@ec0c838]" started-at="2021-03-01T13:31:04Z" name="springTestContextAfterTestClass" finished-at="2021-03-01T13:31:04Z" duration-ms="0" status="PASS">
          <reporter-output>
          </reporter-output>
        </test-method> <!-- springTestContextAfterTestClass -->
      </class> <!-- au.unimelb.covidcare.test.SimpleTestCovidCareWebTest -->
    </test> <!-- Default test -->
  </suite> <!-- Default suite -->
</testng-results>
