<?xml version="1.0" encoding="UTF-8"?>
<!-- Generated by org.testng.reporters.JUnitXMLReporter -->
<testsuite ignored="7" hostname="5050d-201445-l.mobility.unimelb.net.au" failures="0" tests="1" name="Default test" time="2.046" errors="0" timestamp="01 Mar. 2021 02:31:04 GMT">
  <testcase classname="au.unimelb.covidcare.test.SimpleTestCovidCareWebTest" name="testgetAllCovidCardIDS" time="1.003"/>
  <testcase classname="au.unimelb.covidcare.test.SimpleTestCovidCareWebTest" name="testgetnaxtavailablacovidcareid" time="0.0">
    <ignored/>
  </testcase> <!-- testgetnaxtavailablacovidcareid -->
  <testcase classname="au.unimelb.covidcare.test.SimpleTestCovidCareWebTest" name="testgetEncounter" time="0.0">
    <ignored/>
  </testcase> <!-- testgetEncounter -->
  <testcase classname="au.unimelb.covidcare.test.SimpleTestCovidCareWebTest" name="testCreateEncounter" time="0.0">
    <ignored/>
  </testcase> <!-- testCreateEncounter -->
  <testcase classname="au.unimelb.covidcare.test.SimpleTestCovidCareWebTest" name="testgetPatients" time="0.0">
    <ignored/>
  </testcase> <!-- testgetPatients -->
  <testcase classname="au.unimelb.covidcare.test.SimpleTestCovidCareWebTest" name="testCreatePatient" time="0.0">
    <ignored/>
  </testcase> <!-- testCreatePatient -->
  <testcase classname="au.unimelb.covidcare.test.SimpleTestCovidCareWebTest" name="testgetEncounters" time="0.0">
    <ignored/>
  </testcase> <!-- testgetEncounters -->
  <testcase classname="au.unimelb.covidcare.test.SimpleTestCovidCareWebTest" name="testgetReferral" time="0.0">
    <ignored/>
  </testcase> <!-- testgetReferral -->
</testsuite> <!-- Default test -->
