<?xml version="1.0" encoding="UTF-8"?>
<!-- Generated by org.testng.reporters.JUnitXMLReporter -->
<testsuite ignored="4" hostname="5050d-201445-l.mobility.unimelb.net.au" failures="0" tests="1" name="Default test" time="2.441" errors="0" timestamp="17 Feb. 2021 09:37:53 GMT">
  <testcase classname="au.unimelb.covidcare.test.SimpleTestCovidCareWebTest" name="testgetAllCovidCardIDS" time="1.357"/>
  <testcase classname="au.unimelb.covidcare.test.SimpleTestCovidCareWebTest" name="testgetEncounter" time="0.0">
    <ignored/>
  </testcase> <!-- testgetEncounter -->
  <testcase classname="au.unimelb.covidcare.test.SimpleTestCovidCareWebTest" name="testgetPatients" time="0.0">
    <ignored/>
  </testcase> <!-- testgetPatients -->
  <testcase classname="au.unimelb.covidcare.test.SimpleTestCovidCareWebTest" name="testgetEncounters" time="0.0">
    <ignored/>
  </testcase> <!-- testgetEncounters -->
  <testcase classname="au.unimelb.covidcare.test.SimpleTestCovidCareWebTest" name="testgetReferral" time="0.0">
    <ignored/>
  </testcase> <!-- testgetReferral -->
</testsuite> <!-- Default test -->
