<?xml version="1.0" encoding="UTF-8"?>
<testng-results ignored="4" total="5" passed="1" failed="0" skipped="0">
  <reporter-output>
  </reporter-output>
  <suite started-at="2021-02-23T07:00:43Z" name="Default suite" finished-at="2021-02-23T07:00:46Z" duration-ms="2802">
    <groups>
    </groups>
    <test started-at="2021-02-23T07:00:43Z" name="Default test" finished-at="2021-02-23T07:00:46Z" duration-ms="2802">
      <class name="au.unimelb.fht.test.SimpleTestFHT">
        <test-method is-config="true" signature="springTestContextBeforeTestClass()[pri:0, instance:au.unimelb.fht.test.SimpleTestFHT@64da2a7]" started-at="2021-02-23T18:00:43Z" name="springTestContextBeforeTestClass" finished-at="2021-02-23T18:00:43Z" duration-ms="6" status="PASS">
          <reporter-output>
          </reporter-output>
        </test-method> <!-- springTestContextBeforeTestClass -->
        <test-method is-config="true" signature="springTestContextPrepareTestInstance()[pri:0, instance:au.unimelb.fht.test.SimpleTestFHT@64da2a7]" started-at="2021-02-23T18:00:43Z" name="springTestContextPrepareTestInstance" finished-at="2021-02-23T18:00:46Z" depends-on-methods="org.springframework.test.context.testng.AbstractTestNGSpringContextTests.springTestContextBeforeTestClass" duration-ms="2636" status="PASS">
          <reporter-output>
          </reporter-output>
        </test-method> <!-- springTestContextPrepareTestInstance -->
        <test-method is-config="true" signature="setup()[pri:0, instance:au.unimelb.fht.test.SimpleTestFHT@64da2a7]" started-at="2021-02-23T18:00:46Z" name="setup" finished-at="2021-02-23T18:00:46Z" duration-ms="9" status="PASS">
          <reporter-output>
          </reporter-output>
        </test-method> <!-- setup -->
        <test-method is-config="true" signature="springTestContextBeforeTestMethod(java.lang.reflect.Method)[pri:0, instance:au.unimelb.fht.test.SimpleTestFHT@64da2a7]" started-at="2021-02-23T18:00:46Z" name="springTestContextBeforeTestMethod" finished-at="2021-02-23T18:00:46Z" duration-ms="1" status="PASS">
          <params>
            <param index="0">
              <value>
                <![CDATA[public void au.unimelb.fht.test.SimpleTestFHT.getalertsbysearchcriteria() throws java.lang.Exception]]>
              </value>
            </param>
          </params>
          <reporter-output>
          </reporter-output>
        </test-method> <!-- springTestContextBeforeTestMethod -->
        <test-method is-config="true" signature="setUp()[pri:0, instance:au.unimelb.fht.test.SimpleTestFHT@64da2a7]" started-at="2021-02-23T18:00:46Z" name="setUp" finished-at="2021-02-23T18:00:46Z" duration-ms="0" status="PASS">
          <reporter-output>
          </reporter-output>
        </test-method> <!-- setUp -->
        <test-method signature="getalertsbysearchcriteria()[pri:0, instance:au.unimelb.fht.test.SimpleTestFHT@64da2a7]" started-at="2021-02-23T18:00:46Z" name="getalertsbysearchcriteria" finished-at="2021-02-23T18:00:46Z" duration-ms="140" status="PASS">
          <reporter-output>
          </reporter-output>
        </test-method> <!-- getalertsbysearchcriteria -->
        <test-method is-config="true" signature="springTestContextAfterTestMethod(java.lang.reflect.Method)[pri:0, instance:au.unimelb.fht.test.SimpleTestFHT@64da2a7]" started-at="2021-02-23T18:00:46Z" name="springTestContextAfterTestMethod" finished-at="2021-02-23T18:00:46Z" duration-ms="1" status="PASS">
          <params>
            <param index="0">
              <value>
                <![CDATA[public void au.unimelb.fht.test.SimpleTestFHT.getalertsbysearchcriteria() throws java.lang.Exception]]>
              </value>
            </param>
          </params>
          <reporter-output>
          </reporter-output>
        </test-method> <!-- springTestContextAfterTestMethod -->
        <test-method is-config="true" signature="tearDown()[pri:0, instance:au.unimelb.fht.test.SimpleTestFHT@64da2a7]" started-at="2021-02-23T18:00:46Z" name="tearDown" finished-at="2021-02-23T18:00:46Z" duration-ms="0" status="PASS">
          <reporter-output>
          </reporter-output>
        </test-method> <!-- tearDown -->
        <test-method is-config="true" signature="springTestContextAfterTestClass()[pri:0, instance:au.unimelb.fht.test.SimpleTestFHT@64da2a7]" started-at="2021-02-23T18:00:46Z" name="springTestContextAfterTestClass" finished-at="2021-02-23T18:00:46Z" duration-ms="0" status="PASS">
          <reporter-output>
          </reporter-output>
        </test-method> <!-- springTestContextAfterTestClass -->
      </class> <!-- au.unimelb.fht.test.SimpleTestFHT -->
    </test> <!-- Default test -->
  </suite> <!-- Default suite -->
</testng-results>
